<?xml version="1.0" encoding="UTF-8"?>
<testsuite name="com.z2h.demo.service.UserServiceImplTest" tests="1" skipped="0" failures="0" errors="0" timestamp="2019-04-26T03:50:05" hostname="macC02T86YBH03Q" time="0.011">
  <properties/>
  <testcase name="testPrintUserName" classname="com.z2h.demo.service.UserServiceImplTest" time="0.011"/>
  <system-out><![CDATA[23:50:05.856 [Test worker] INFO  o.s.t.c.s.DefaultTestContextBootstrapper - Neither @ContextConfiguration nor @ContextHierarchy found for test class [com.z2h.demo.service.UserServiceImplTest], using DelegatingSmartContextLoader
23:50:05.857 [Test worker] INFO  o.s.t.c.s.AbstractContextLoader - Could not detect default resource locations for test class [com.z2h.demo.service.UserServiceImplTest]: no resource found for suffixes {-context.xml, Context.groovy}.
23:50:05.860 [Test worker] INFO  o.s.t.c.s.AnnotationConfigContextLoaderUtils - Could not detect default configuration classes for test class [com.z2h.demo.service.UserServiceImplTest]: UserServiceImplTest does not declare any static, non-private, non-final, nested classes annotated with @Configuration.
23:50:05.862 [Test worker] INFO  o.s.t.c.s.DefaultTestContextBootstrapper - Loaded default TestExecutionListener class names from location [META-INF/spring.factories]: [org.springframework.boot.test.autoconfigure.restdocs.RestDocsTestExecutionListener, org.springframework.boot.test.autoconfigure.web.client.MockRestServiceServerResetTestExecutionListener, org.springframework.boot.test.autoconfigure.web.servlet.MockMvcPrintOnlyOnFailureTestExecutionListener, org.springframework.boot.test.autoconfigure.web.servlet.WebDriverTestExecutionListener, org.springframework.boot.test.mock.mockito.MockitoTestExecutionListener, org.springframework.boot.test.mock.mockito.ResetMocksTestExecutionListener, org.springframework.test.context.web.ServletTestExecutionListener, org.springframework.test.context.support.DirtiesContextBeforeModesTestExecutionListener, org.springframework.test.context.support.DependencyInjectionTestExecutionListener, org.springframework.test.context.support.DirtiesContextTestExecutionListener, org.springframework.test.context.transaction.TransactionalTestExecutionListener, org.springframework.test.context.jdbc.SqlScriptsTestExecutionListener]
23:50:05.863 [Test worker] INFO  o.s.t.c.s.DefaultTestContextBootstrapper - Using TestExecutionListeners: [org.springframework.test.context.support.DirtiesContextBeforeModesTestExecutionListener@5263115a, org.springframework.boot.test.mock.mockito.MockitoTestExecutionListener@230061a9, org.springframework.test.context.support.DependencyInjectionTestExecutionListener@2c4e1176, org.springframework.test.context.support.DirtiesContextTestExecutionListener@547310db, org.springframework.test.context.transaction.TransactionalTestExecutionListener@1e5032ce, org.springframework.test.context.jdbc.SqlScriptsTestExecutionListener@3efd0584, org.springframework.boot.test.autoconfigure.restdocs.RestDocsTestExecutionListener@6264668c, org.springframework.boot.test.autoconfigure.web.client.MockRestServiceServerResetTestExecutionListener@2e5d57d3, org.springframework.boot.test.autoconfigure.web.servlet.MockMvcPrintOnlyOnFailureTestExecutionListener@3184c694, org.springframework.boot.test.autoconfigure.web.servlet.WebDriverTestExecutionListener@67832405, org.springframework.boot.test.mock.mockito.ResetMocksTestExecutionListener@26927e7f]
23:50:05.869 [Test worker] INFO  o.s.c.s.GenericApplicationContext - Refreshing org.springframework.context.support.GenericApplicationContext@7826b525: startup date [Thu Apr 25 23:50:05 EDT 2019]; root of context hierarchy
23:50:05.877 [Test worker] INFO  o.s.b.f.a.AutowiredAnnotationBeanPostProcessor - JSR-330 'javax.inject.Inject' annotation found and supported for autowiring
23:50:05.919 [Test worker] INFO  com.z2h.demo.service.UserServiceImpl - inside UserServiceImpl > printUserName() > HELLO Manu
]]></system-out>
  <system-err><![CDATA[]]></system-err>
</testsuite>
