<?xml version="1.0" encoding="UTF-8"?>
<testsuite name="com.z2h.demo.bdd.DemoFeatureRunner" tests="0" skipped="0" failures="0" errors="0" timestamp="1970-01-01T00:00:00" hostname="macC02T86YBH03Q" time="0.0">
  <properties/>
  <system-out><![CDATA[23:49:53.429 [Test worker] INFO net.thucydides.core.steps.ConsoleLoggingListener - ?[36m

-------------------------------------------------------------------------------------
     _______. _______ .______       _______ .__   __.  __  .___________.____    ____ 
    /       ||   ____||   _  \     |   ____||  \ |  | |  | |           |\   \  /   / 
   |   (----`|  |__   |  |_)  |    |  |__   |   \|  | |  | `---|  |----` \   \/   /  
    \   \    |   __|  |      /     |   __|  |  . `  | |  |     |  |       \_    _/   
.----)   |   |  |____ |  |\  \----.|  |____ |  |\   | |  |     |  |         |  |     
|_______/    |_______|| _| `._____||_______||__| \__| |__|     |__|         |__|    
                                                                                     
 News and tutorials at http://www.serenity-bdd.info                                  
 Documentation at https://wakaleo.gitbooks.io/the-serenity-book/content/             
 Join the Serenity Community on Rocket Chat at https://serenity-bdd.rocket.chat      
 Serenity BDD Support and Training at http://serenity-bdd.info/#/trainingandsupport  
 Learn Serenity BDD online at http://serenity-dojo.com                               
-------------------------------------------------------------------------------------
?[0m
23:49:53.432 [Test worker] DEBUG net.thucydides.core.steps.StepEventBus - Test suite started for story net.thucydides.core.model.Story@1087bcb
23:49:53.434 [Test worker] INFO net.thucydides.core.steps.ConsoleLoggingListener - Test Suite Started: Scenario to demonstrate actual spring service call from bdd test
23:49:53.528 [Test worker] INFO net.thucydides.core.steps.ConsoleLoggingListener - 
 _____ _____ ____ _____   ____ _____  _    ____ _____ _____ ____  
|_   _| ____/ ___|_   _| / ___|_   _|/ \  |  _ \_   _| ____|  _ \ 
  | | |  _| \___ \ | |   \___ \ | | / _ \ | |_) || | |  _| | | | |
  | | | |___ ___) || |    ___) || |/ ___ \|  _ < | | | |___| |_| |
  |_| |_____|____/ |_|   |____/ |_/_/   \_\_| \_\|_| |_____|____/ 
                                                                  

TEST STARTED: Verify status after service call
-------------------------------------------------------------------(scenario-to-demonstrate-actual-spring-service-call-from-bdd-test;verify-status-after-service-call)
23:49:54.406 [Test worker] DEBUG net.thucydides.core.requirements.RootDirectory - Resource directories found in  in 12 ms: []
23:49:54.413 [Test worker] DEBUG net.thucydides.core.requirements.RootDirectory - Resource directories found in /Users/manwilf/Projects/tdd/springboot-bdd-integration in 4 ms: []
@Smoke
Feature: Scenario to demonstrate actual spring service call from bdd test

  @Smoke
  Scenario: Verify status after service call ?[90m# src/bdd-test/resources/features/demo.feature:4?[0m

1 Scenarios (?[32m1 passed?[0m)
5 Steps (?[32m5 passed?[0m)
0m11.480s

]]></system-out>
  <system-err><![CDATA[]]></system-err>
</testsuite>
